Added Component: Designator=*1(LCD_I2C_2004)
Added Component: Designator=C1(CP1.5/3.4)
Added Component: Designator=HD1(HED2)
Added Component: Designator=JP1(CON4)
Added Component: Designator=JP2(CON4)
Added Component: Designator=LED1(LED-5)
Added Component: Designator=LED2(LED-5)
Added Component: Designator=P1(HDR1X6)
Added Component: Designator=P2(HDR1X6)
Added Component: Designator=Q1(QTO-92)
Added Component: Designator=R1(R1/4W)
Added Component: Designator=R2(R1/4W)
Added Component: Designator=R3(R1/4W)
Added Component: Designator=SP1(SPK)
Added Component: Designator=U1(MODULE_ESP32_DEVKIT_V1)
Added Pin To Net: NetName=3V3 Pin=U1-1
Added Net: Name=3V3
Added Pin To Net: NetName=BIP Pin=R1-2
Added Pin To Net: NetName=BIP Pin=U1-5
Added Net: Name=BIP
Added Pin To Net: NetName=BUZZER Pin=U1-28
Added Net: Name=BUZZER
Added Pin To Net: NetName=CS Pin=P2-1
Added Pin To Net: NetName=CS Pin=U1-8
Added Net: Name=CS
Added Pin To Net: NetName=GND Pin=*1-2
Added Pin To Net: NetName=GND Pin=C1-2
Added Pin To Net: NetName=GND Pin=HD1-2
Added Pin To Net: NetName=GND Pin=JP1-4
Added Pin To Net: NetName=GND Pin=JP2-2
Added Pin To Net: NetName=GND Pin=P1-6
Added Pin To Net: NetName=GND Pin=P2-6
Added Pin To Net: NetName=GND Pin=Q1-1
Added Pin To Net: NetName=GND Pin=R2-1
Added Pin To Net: NetName=GND Pin=R3-1
Added Pin To Net: NetName=GND Pin=U1-2
Added Pin To Net: NetName=GND Pin=U1-29
Added Net: Name=GND
Added Pin To Net: NetName=GPS_RX Pin=JP1-3
Added Pin To Net: NetName=GPS_RX Pin=U1-6
Added Pin To Net: NetName=GPS_RX Pin=U1-7
Added Net: Name=GPS_RX
Added Pin To Net: NetName=GPS_TX Pin=JP1-2
Added Net: Name=GPS_TX
Added Pin To Net: NetName=MISO Pin=P2-4
Added Pin To Net: NetName=MISO Pin=U1-10
Added Net: Name=MISO
Added Pin To Net: NetName=MOSI Pin=P2-3
Added Pin To Net: NetName=MOSI Pin=U1-15
Added Net: Name=MOSI
Added Pin To Net: NetName=NetLED1_2 Pin=LED1-2
Added Pin To Net: NetName=NetLED1_2 Pin=R2-2
Added Net: Name=NetLED1_2
Added Pin To Net: NetName=NetLED2_2 Pin=LED2-2
Added Pin To Net: NetName=NetLED2_2 Pin=R3-2
Added Net: Name=NetLED2_2
Added Pin To Net: NetName=NetQ1_2 Pin=Q1-2
Added Pin To Net: NetName=NetQ1_2 Pin=SP1-2
Added Net: Name=NetQ1_2
Added Pin To Net: NetName=NetQ1_3 Pin=Q1-3
Added Pin To Net: NetName=NetQ1_3 Pin=R1-1
Added Net: Name=NetQ1_3
Added Pin To Net: NetName=PIR Pin=LED2-1
Added Net: Name=PIR
Added Pin To Net: NetName=RST_SIM Pin=P1-3
Added Pin To Net: NetName=RST_SIM Pin=U1-23
Added Net: Name=RST_SIM
Added Pin To Net: NetName=RX_SIM Pin=P1-5
Added Pin To Net: NetName=RX_SIM Pin=U1-25
Added Net: Name=RX_SIM
Added Pin To Net: NetName=SCK Pin=P2-2
Added Pin To Net: NetName=SCK Pin=U1-9
Added Net: Name=SCK
Added Pin To Net: NetName=SCL Pin=*1-4
Added Pin To Net: NetName=SCL Pin=JP2-4
Added Pin To Net: NetName=SCL Pin=U1-14
Added Net: Name=SCL
Added Pin To Net: NetName=SDA Pin=*1-3
Added Pin To Net: NetName=SDA Pin=JP2-3
Added Pin To Net: NetName=SDA Pin=U1-11
Added Net: Name=SDA
Added Pin To Net: NetName=STATUS Pin=LED1-1
Added Pin To Net: NetName=STATUS Pin=U1-4
Added Net: Name=STATUS
Added Pin To Net: NetName=TX_SIM Pin=P1-4
Added Pin To Net: NetName=TX_SIM Pin=U1-24
Added Net: Name=TX_SIM
Added Pin To Net: NetName=VCC_OUT Pin=SP1-1
Added Net: Name=VCC_OUT
Added Pin To Net: NetName=VCC Pin=*1-1
Added Pin To Net: NetName=VCC Pin=C1-1
Added Pin To Net: NetName=VCC Pin=HD1-1
Added Pin To Net: NetName=VCC Pin=JP1-1
Added Pin To Net: NetName=VCC Pin=JP2-1
Added Pin To Net: NetName=VCC Pin=P1-2
Added Pin To Net: NetName=VCC Pin=P2-5
Added Pin To Net: NetName=VCC Pin=U1-30
Added Net: Name=VCC
Added Class: Name=Sheet3
Added Room: Name=Sheet3
