Removed Pin From Net: NetName=CS Pin=J2-1
Removed Pin From Net: NetName=MOSI Pin=J2-2
Removed Pin From Net: NetName=GND Pin=J2-3
Removed Pin From Net: NetName=3V3 Pin=J2-4
Removed Pin From Net: NetName=SCK Pin=J2-5
Removed Pin From Net: NetName=GND Pin=J2-6
Removed Pin From Net: NetName=MISO Pin=J2-7
Removed Pin From Net: NetName=GND Pin=J2-G1
Removed Pin From Net: NetName=GND Pin=J2-G2
Removed Pin From Net: NetName=VCC Pin=P1-2
Removed Pin From Net: NetName=RST_SIM Pin=P1-3
Removed Pin From Net: NetName=TX_SIM Pin=P1-4
Removed Pin From Net: NetName=RX_SIM Pin=P1-5
Removed Member From Class: ClassName=Sheet3_CBLX Member=J2
Change Component DesignItemId : Designator=P1 Old DesignItemId=Header 6 New DesignItemId=ST-TF-003A
Change Component Footprint: Designator=P1 Old Footprint=HDR1X6 New Footprint=SUNTECH_ST-TF-003A
Change Component Comment : Designator=P1 Old Comment=SIM New Comment=ST-TF-003A
Change Component Designator: OldDesignator=C4 NewDesignator=C5
Change Component Designator: OldDesignator=C5 NewDesignator=C6
Change Component Designator: OldDesignator=C6 NewDesignator=C4
Change Component Designator: OldDesignator=R2 NewDesignator=R3
Change Component Designator: OldDesignator=R3 NewDesignator=R4
Change Component Designator: OldDesignator=R4 NewDesignator=R2
Added Component: Designator=P2(HDR1X6)
Added Pin To Net: NetName=MOSI Pin=P1-3
Added Pin To Net: NetName=3V3 Pin=P1-4
Added Pin To Net: NetName=SCK Pin=P1-5
Added Pin To Net: NetName=MISO Pin=P1-7
Added Pin To Net: NetName=CS Pin=P1-9
Added Pin To Net: NetName=GND Pin=P1-G1
Added Pin To Net: NetName=GND Pin=P1-G2
Added Pin To Net: NetName=GND Pin=P1-G3
Added Pin To Net: NetName=GND Pin=P1-G4
Added Pin To Net: NetName=VCC Pin=P2-2
Added Pin To Net: NetName=RST_SIM Pin=P2-3
Added Pin To Net: NetName=TX_SIM Pin=P2-4
Added Pin To Net: NetName=RX_SIM Pin=P2-5
Added Pin To Net: NetName=GND Pin=P2-6
Change Net Name : Old Net Name=NetC4_2 New Net Name=NetC5_2
Change Net Name : Old Net Name=NetC5_2 New Net Name=NetC6_2
Change Net Name : Old Net Name=NetC6_2 New Net Name=NetC4_2
Added Member To Class: ClassName=Sheet3_CBLX Member=Component P2 SIM
